TN:
SF:./src/client/app/app.module.js
FN:1,(anonymous_1)
FNF:1
FNH:1
FNDA:1,(anonymous_1)
DA:1,1
DA:4,1
LF:2
LH:2
BRF:0
BRH:0
end_of_record
TN:
SF:./src/client/app/blocks/logger/logger.module.js
FN:1,(anonymous_1)
FNF:1
FNH:1
FNDA:1,(anonymous_1)
DA:1,1
DA:4,1
LF:2
LH:2
BRF:0
BRH:0
end_of_record
TN:
SF:./src/client/app/blocks/router/router.module.js
FN:1,(anonymous_1)
FNF:1
FNH:1
FNDA:1,(anonymous_1)
DA:1,1
DA:4,1
LF:2
LH:2
BRF:0
BRH:0
end_of_record
TN:
SF:./src/client/app/core/core.module.js
FN:1,(anonymous_1)
FNF:1
FNH:1
FNDA:1,(anonymous_1)
DA:1,1
DA:4,1
LF:2
LH:2
BRF:0
BRH:0
end_of_record
TN:
SF:./src/client/app/login/login.module.js
FN:1,(anonymous_1)
FNF:1
FNH:1
FNDA:1,(anonymous_1)
DA:1,1
DA:4,1
LF:2
LH:2
BRF:0
BRH:0
end_of_record
TN:
SF:./src/client/app/os/os.module.js
FN:1,(anonymous_1)
FNF:1
FNH:1
FNDA:1,(anonymous_1)
DA:1,1
DA:4,1
LF:2
LH:2
BRF:0
BRH:0
end_of_record
TN:
SF:./src/client/app/reporte/reporte.module.js
FN:1,(anonymous_1)
FNF:1
FNH:1
FNDA:1,(anonymous_1)
DA:1,1
DA:4,1
LF:2
LH:2
BRF:0
BRH:0
end_of_record
TN:
SF:./src/client/app/blocks/logger/logger.js
FN:2,(anonymous_1)
FN:12,logger
FN:26,error
FN:41,info
FN:56,success
FN:71,warning
FNF:6
FNH:1
FNDA:1,(anonymous_1)
FNDA:0,logger
FNDA:0,error
FNDA:0,info
FNDA:0,success
FNDA:0,warning
DA:2,1
DA:5,1
DA:9,1
DA:12,1
DA:13,0
DA:23,0
DA:26,1
DA:27,0
DA:38,0
DA:41,1
DA:42,0
DA:53,0
DA:56,1
DA:57,0
DA:68,0
DA:71,1
DA:72,0
DA:83,0
LF:18
LH:8
BRF:0
BRH:0
end_of_record
TN:
SF:./src/client/app/blocks/logger/toastr.controller.js
FN:1,(anonymous_1)
FN:9,ToastrController
FNF:2
FNH:1
FNDA:1,(anonymous_1)
FNDA:0,ToastrController
DA:1,1
DA:4,1
DA:9,1
DA:10,0
DA:11,0
DA:12,0
LF:6
LH:3
BRF:0
BRH:0
end_of_record
TN:
SF:./src/client/app/blocks/router/router-helper.provider.js
FN:2,(anonymous_1)
FN:11,routerHelperProvider
FN:24,(anonymous_3)
FN:31,RouterHelper
FN:51,configureStates
FN:52,(anonymous_6)
FN:63,handleRoutingErrors
FN:68,(anonymous_8)
FN:85,init
FN:90,getStates
FN:92,updateDocTitle
FN:94,(anonymous_12)
FNF:12
FNH:8
FNDA:1,(anonymous_1)
FNDA:1,routerHelperProvider
FNDA:0,(anonymous_3)
FNDA:1,RouterHelper
FNDA:1,configureStates
FNDA:2,(anonymous_6)
FNDA:1,handleRoutingErrors
FNDA:0,(anonymous_8)
FNDA:1,init
FNDA:0,getStates
FNDA:1,updateDocTitle
FNDA:0,(anonymous_12)
DA:2,1
DA:5,1
DA:9,1
DA:11,1
DA:13,1
DA:18,1
DA:19,0
DA:22,1
DA:24,1
DA:25,0
DA:28,1
DA:29,1
DA:31,1
DA:32,1
DA:33,1
DA:34,1
DA:39,1
DA:45,1
DA:47,1
DA:51,1
DA:52,1
DA:53,2
DA:55,2
DA:57,1
DA:58,0
DA:59,0
DA:63,1
DA:67,1
DA:69,0
DA:70,0
DA:72,0
DA:73,0
DA:74,0
DA:77,0
DA:80,0
DA:85,1
DA:86,1
DA:87,1
DA:90,1
DA:92,1
DA:93,1
DA:95,0
DA:96,0
DA:97,0
DA:98,0
LF:45
LH:30
BRDA:18,1,0,0
BRDA:18,1,1,1
BRDA:18,2,0,1
BRDA:18,2,1,1
BRDA:54,3,0,2
BRDA:54,3,1,2
BRDA:57,4,0,0
BRDA:57,4,1,1
BRDA:57,5,0,1
BRDA:57,5,1,0
BRDA:69,6,0,0
BRDA:69,6,1,0
BRDA:74,7,0,0
BRDA:74,7,1,0
BRDA:74,7,2,0
BRDA:74,7,3,0
BRDA:74,7,4,0
BRDA:78,8,0,0
BRDA:78,8,1,0
BRDA:78,9,0,0
BRDA:78,9,1,0
BRDA:79,10,0,0
BRDA:79,10,1,0
BRDA:97,11,0,0
BRDA:97,11,1,0
BRF:25
BRH:7
end_of_record
TN:
SF:./src/client/app/core/config.js
FN:1,(anonymous_1)
FN:20,configure
FN:30,configurarDatePicker
FN:31,(anonymous_4)
FN:38,(anonymous_5)
FN:44,initializeFirebase
FN:58,configureTheme
FNF:7
FNH:1
FNDA:1,(anonymous_1)
FNDA:0,configure
FNDA:0,configurarDatePicker
FNDA:0,(anonymous_4)
FNDA:0,(anonymous_5)
FNDA:0,initializeFirebase
FNDA:0,configureTheme
DA:1,1
DA:4,1
DA:6,1
DA:11,1
DA:13,1
DA:14,1
DA:15,1
DA:16,1
DA:18,1
DA:20,1
DA:21,0
DA:22,0
DA:24,0
DA:30,1
DA:31,0
DA:32,0
DA:37,1
DA:39,0
DA:44,1
DA:45,0
DA:53,0
DA:56,1
DA:58,1
DA:59,0
DA:94,0
DA:98,0
DA:133,0
DA:137,0
DA:172,0
DA:176,0
DA:210,0
DA:214,0
LF:32
LH:15
BRDA:21,1,0,0
BRDA:21,1,1,0
BRF:2
BRH:0
end_of_record
TN:
SF:./src/client/app/core/constants.js
FN:2,(anonymous_1)
FNF:1
FNH:1
FNDA:1,(anonymous_1)
DA:2,1
DA:5,1
LF:2
LH:2
BRF:0
BRH:0
end_of_record
TN:
SF:./src/client/app/core/core.route.js
FN:1,(anonymous_1)
FN:9,appRun
FN:14,getStates
FNF:3
FNH:1
FNDA:1,(anonymous_1)
FNDA:0,appRun
FNDA:0,getStates
DA:1,1
DA:4,1
DA:9,1
DA:10,0
DA:11,0
DA:14,1
DA:15,0
LF:7
LH:4
BRF:0
BRH:0
end_of_record
TN:
SF:./src/client/app/core/tabsController.js
FN:1,(anonymous_1)
FN:9,TabsController
FN:13,(anonymous_3)
FN:16,(anonymous_4)
FNF:4
FNH:1
FNDA:1,(anonymous_1)
FNDA:0,TabsController
FNDA:0,(anonymous_3)
FNDA:0,(anonymous_4)
DA:1,1
DA:4,1
DA:9,1
DA:10,0
DA:11,0
DA:12,0
DA:13,0
DA:14,0
DA:15,0
DA:16,0
DA:17,0
DA:18,0
LF:12
LH:3
BRF:0
BRH:0
end_of_record
TN:
SF:./src/client/app/login/criar-conta.controller.js
FN:1,(anonymous_1)
FN:9,CriarContaController
FN:16,criarConta
FN:18,(anonymous_4)
FN:20,(anonymous_5)
FN:22,(anonymous_6)
FN:29,(anonymous_7)
FN:32,(anonymous_8)
FN:37,trataErrosLogin
FNF:9
FNH:1
FNDA:1,(anonymous_1)
FNDA:0,CriarContaController
FNDA:0,criarConta
FNDA:0,(anonymous_4)
FNDA:0,(anonymous_5)
FNDA:0,(anonymous_6)
FNDA:0,(anonymous_7)
FNDA:0,(anonymous_8)
FNDA:0,trataErrosLogin
DA:1,1
DA:4,1
DA:9,1
DA:11,0
DA:12,0
DA:13,0
DA:14,0
DA:16,1
DA:17,0
DA:19,0
DA:21,0
DA:22,0
DA:23,0
DA:24,0
DA:25,0
DA:26,0
DA:28,0
DA:30,0
DA:33,0
DA:37,1
DA:38,0
DA:40,0
DA:42,0
DA:44,0
DA:46,0
LF:25
LH:5
BRDA:38,1,0,0
BRDA:38,1,1,0
BRDA:38,1,2,0
BRDA:38,1,3,0
BRF:4
BRH:0
end_of_record
TN:
SF:./src/client/app/login/login.config.js
FN:1,(anonymous_1)
FN:8,configureGuard
FN:10,(anonymous_3)
FN:13,(anonymous_4)
FN:14,(anonymous_5)
FN:22,(anonymous_6)
FN:23,(anonymous_7)
FNF:7
FNH:2
FNDA:1,(anonymous_1)
FNDA:1,configureGuard
FNDA:0,(anonymous_3)
FNDA:0,(anonymous_4)
FNDA:0,(anonymous_5)
FNDA:0,(anonymous_6)
FNDA:0,(anonymous_7)
DA:1,1
DA:3,1
DA:8,1
DA:9,1
DA:11,0
DA:14,0
DA:15,0
DA:20,1
DA:23,0
DA:24,0
DA:25,0
LF:11
LH:5
BRDA:24,1,0,0
BRDA:24,1,1,0
BRF:2
BRH:0
end_of_record
TN:
SF:./src/client/app/login/login.controller.js
FN:1,(anonymous_1)
FN:9,LoginController
FN:14,logar
FN:16,(anonymous_4)
FN:18,(anonymous_5)
FN:27,(anonymous_6)
FN:32,trataErrosLogin
FNF:7
FNH:1
FNDA:1,(anonymous_1)
FNDA:0,LoginController
FNDA:0,logar
FNDA:0,(anonymous_4)
FNDA:0,(anonymous_5)
FNDA:0,(anonymous_6)
FNDA:0,trataErrosLogin
DA:1,1
DA:4,1
DA:9,1
DA:10,0
DA:11,0
DA:12,0
DA:13,0
DA:14,1
DA:15,0
DA:17,0
DA:18,0
DA:19,0
DA:20,0
DA:21,0
DA:22,0
DA:24,0
DA:28,0
DA:32,1
DA:33,0
DA:35,0
DA:37,0
DA:39,0
DA:41,0
LF:23
LH:5
BRDA:21,1,0,0
BRDA:21,1,1,0
BRDA:33,2,0,0
BRDA:33,2,1,0
BRDA:33,2,2,0
BRDA:33,2,3,0
BRF:6
BRH:0
end_of_record
TN:
SF:./src/client/app/login/login.route.js
FN:1,(anonymous_1)
FN:10,appRun
FN:14,getStates
FNF:3
FNH:3
FNDA:1,(anonymous_1)
FNDA:1,appRun
FNDA:1,getStates
DA:1,1
DA:4,1
DA:8,1
DA:10,1
DA:11,1
DA:14,1
DA:15,1
LF:7
LH:7
BRF:0
BRH:0
end_of_record
TN:
SF:./src/client/app/login/login.service.js
FN:1,(anonymous_1)
FN:9,LoginService
FN:15,logar
FN:19,checarLogado
FN:23,deslogar
FNF:5
FNH:2
FNDA:1,(anonymous_1)
FNDA:1,LoginService
FNDA:0,logar
FNDA:0,checarLogado
FNDA:0,deslogar
DA:1,1
DA:4,1
DA:9,1
DA:10,1
DA:11,1
DA:12,1
DA:13,1
DA:15,1
DA:16,0
DA:19,1
DA:20,0
DA:23,1
DA:24,0
LF:13
LH:10
BRF:0
BRH:0
end_of_record
TN:
SF:./src/client/app/os/feed/os.feed.controller.js
FN:1,(anonymous_1)
FN:9,OsFeedController
FN:15,(anonymous_3)
FNF:3
FNH:1
FNDA:1,(anonymous_1)
FNDA:0,OsFeedController
FNDA:0,(anonymous_3)
DA:1,1
DA:4,1
DA:9,1
DA:10,0
DA:11,0
DA:12,0
DA:13,0
DA:14,0
DA:15,0
DA:16,0
LF:10
LH:3
BRF:0
BRH:0
end_of_record
TN:
SF:./src/client/app/os/os.controller.js
FN:1,(anonymous_1)
FN:9,OsController
FN:20,init
FN:22,(anonymous_4)
FN:24,(anonymous_5)
FN:26,(anonymous_6)
FN:28,(anonymous_7)
FN:36,initDetalhes
FN:38,(anonymous_9)
FN:43,editar
FN:48,initNovo
FN:54,salvar
FNF:12
FNH:1
FNDA:1,(anonymous_1)
FNDA:0,OsController
FNDA:0,init
FNDA:0,(anonymous_4)
FNDA:0,(anonymous_5)
FNDA:0,(anonymous_6)
FNDA:0,(anonymous_7)
FNDA:0,initDetalhes
FNDA:0,(anonymous_9)
FNDA:0,editar
FNDA:0,initNovo
FNDA:0,salvar
DA:1,1
DA:4,1
DA:9,1
DA:10,0
DA:11,0
DA:12,0
DA:13,0
DA:14,0
DA:15,0
DA:16,0
DA:17,0
DA:18,0
DA:20,1
DA:21,0
DA:22,0
DA:23,0
DA:24,0
DA:25,0
DA:26,0
DA:27,0
DA:28,0
DA:29,0
DA:30,0
DA:32,0
DA:36,1
DA:37,0
DA:38,0
DA:39,0
DA:43,1
DA:44,0
DA:45,0
DA:48,1
DA:49,0
DA:50,0
DA:51,0
DA:54,1
DA:55,0
DA:56,0
DA:57,0
DA:59,0
DA:60,0
DA:62,0
LF:42
LH:8
BRDA:29,1,0,0
BRDA:29,1,1,0
BRDA:55,2,0,0
BRDA:55,2,1,0
BRF:4
BRH:0
end_of_record
TN:
SF:./src/client/app/os/os.route.js
FN:1,(anonymous_1)
FN:10,appRun
FN:14,getStates
FNF:3
FNH:1
FNDA:1,(anonymous_1)
FNDA:0,appRun
FNDA:0,getStates
DA:1,1
DA:4,1
DA:8,1
DA:10,1
DA:11,0
DA:14,1
DA:15,0
LF:7
LH:5
BRF:0
BRH:0
end_of_record
TN:
SF:./src/client/app/reporte/feed/reporte.feed.controller.js
FN:1,(anonymous_1)
FN:9,ReporteFeedController
FN:15,(anonymous_3)
FNF:3
FNH:1
FNDA:1,(anonymous_1)
FNDA:0,ReporteFeedController
FNDA:0,(anonymous_3)
DA:1,1
DA:4,1
DA:9,1
DA:10,0
DA:11,0
DA:12,0
DA:13,0
DA:14,0
DA:15,0
DA:16,0
DA:17,0
LF:11
LH:3
BRF:0
BRH:0
end_of_record
TN:
SF:./src/client/app/reporte/reporte.controller.js
FN:1,(anonymous_1)
FN:9,ReporteController
FN:20,init
FN:22,(anonymous_4)
FN:24,(anonymous_5)
FN:26,(anonymous_6)
FN:34,initDetalhes
FN:36,(anonymous_8)
FN:44,initNovo
FN:46,(anonymous_10)
FN:52,salvar
FN:58,gerarOs
FN:60,(anonymous_13)
FNF:13
FNH:1
FNDA:1,(anonymous_1)
FNDA:0,ReporteController
FNDA:0,init
FNDA:0,(anonymous_4)
FNDA:0,(anonymous_5)
FNDA:0,(anonymous_6)
FNDA:0,initDetalhes
FNDA:0,(anonymous_8)
FNDA:0,initNovo
FNDA:0,(anonymous_10)
FNDA:0,salvar
FNDA:0,gerarOs
FNDA:0,(anonymous_13)
DA:1,1
DA:4,1
DA:9,1
DA:10,0
DA:11,0
DA:12,0
DA:13,0
DA:14,0
DA:15,0
DA:16,0
DA:17,0
DA:18,0
DA:20,1
DA:21,0
DA:22,0
DA:23,0
DA:24,0
DA:25,0
DA:26,0
DA:27,0
DA:28,0
DA:30,0
DA:34,1
DA:35,0
DA:36,0
DA:37,0
DA:39,0
DA:40,0
DA:44,1
DA:45,0
DA:46,0
DA:47,0
DA:48,0
DA:49,0
DA:52,1
DA:53,0
DA:54,0
DA:55,0
DA:58,1
DA:59,0
DA:60,0
DA:61,0
DA:62,0
DA:63,0
DA:64,0
DA:65,0
DA:66,0
LF:47
LH:8
BRDA:27,1,0,0
BRDA:27,1,1,0
BRDA:39,2,0,0
BRDA:39,2,1,0
BRF:4
BRH:0
end_of_record
TN:
SF:./src/client/app/reporte/reporte.route.js
FN:1,(anonymous_1)
FN:10,appRun
FN:14,getStates
FNF:3
FNH:1
FNDA:1,(anonymous_1)
FNDA:0,appRun
FNDA:0,getStates
DA:1,1
DA:4,1
DA:8,1
DA:10,1
DA:11,0
DA:14,1
DA:15,0
LF:7
LH:5
BRF:0
BRH:0
end_of_record
